Aberavon
Aberconwy
Aberdeen North
Aberdeen South
Aberdeenshire West and Kincardine
Airdrie and Shotts
Aldershot
Aldridge-Brownhills
Altrincham and Sale West
Alyn and Deeside
Amber Valley
Angus
Antrim East
Antrim North
Antrim South
Arfon
Argyll and Bute
Arundel and South Downs
Ashfield
Ashford
Ashton Under Lyne
Aylesbury
Ayr, Carrick and Cumnock
Ayrshire Central
Ayrshire North and Arran
Banbury
Banff and Buchan
Barking
Barnsley Central
Barnsley East
Barrow and Furness
Basildon and Billericay
Basildon South and Thurrock East
Basingstoke
Bassetlaw
Bath
Batley and Spen
Battersea
Beaconsfield
Beckenham
Bedford
Bedfordshire Mid
Bedfordshire North East
Bedfordshire South West
Belfast East
Belfast North
Belfast South
Belfast West
Bermondsey and Old Southwark
Berwick-upon-Tweed
Berwickshire, Roxburgh and Selkirk
Bethnal Green and Bow
Beverley and Holderness
Bexhill and Battle
Bexleyheath and Crayford
Birkenhead
Birmingham Edgbaston
Birmingham Erdington
Birmingham Hall Green
Birmingham Hodge Hill
Birmingham Ladywood
Birmingham Northfield
Birmingham Perry Barr
Birmingham Selly Oak
Birmingham Yardley
Bishop Auckland
Blackburn
Blackley and Broughton
Blackpool North and Cleveleys
Blackpool South
Blaenau Gwent
Blaydon
Blyth Valley
Bognor Regis and Littlehampton
Bolsover
Bolton North East
Bolton South East
Bolton West
Bootle
Boston and Skegness
Bosworth
Bournemouth East
Bournemouth West
Bracknell
Bradford East
Bradford South
Bradford West
Braintree
Brecon and Radnorshire
Brent Central
Brent North
Brentford and Isleworth
Brentwood and Ongar
Bridgend
Bridgwater and Somerset West
Brigg and Goole
Brighton Kemptown
Brighton Pavilion
Bristol East
Bristol North West
Bristol South
Bristol West
Broadland
Bromley and Chislehurst
Bromsgrove
Broxbourne
Broxtowe
Buckingham
Burnley
Burton
Bury North
Bury South
Bury St Edmunds
Caerphilly
Caithness, Sutherland and Easter Ross
Calder Valley
Camberwell and Peckham
Camborne and Redruth
Cambridge
Cambridgeshire North East
Cambridgeshire North West
Cambridgeshire South
Cambridgeshire South East
Cannock Chase
Canterbury
Cardiff Central
Cardiff North
Cardiff South and Penarth
Cardiff West
Carlisle
Carmarthen East and Dinefwr
Carmarthen West and Pembrokeshire South
Carshalton and Wallington
Castle Point
Ceredigion
Charnwood
Chatham and Aylesford
Cheadle
Chelmsford
Chelsea and Fulham
Cheltenham
Chesham and Amersham
Chester, City of
Chesterfield
Chichester
Chingford and Woodford Green
Chippenham
Chipping Barnet
Chorley
Christchurch
Cities of London and Westminster
Clacton
Cleethorpes
Clwyd South
Clwyd West
Coatbridge, Chryston and Bellshill
Colchester
Colne Valley
Congleton
Copeland
Corby
Cornwall North
Cornwall South East
Cotswolds, The
Coventry North East
Coventry North West
Coventry South
Crawley
Crewe and Nantwich
Croydon Central
Croydon North
Croydon South
Cumbernauld, Kilsyth and Kirkintilloch East
Cynon Valley
Dagenham and Rainham
Darlington
Dartford
Daventry
Delyn
Denton and Reddish
Derby North
Derby South
Derbyshire Dales
Derbyshire Mid
Derbyshire North East
Derbyshire South
Devizes
Devon Central
Devon East
Devon North
Devon South West
Devon West and Torridge
Dewsbury
Don Valley
Doncaster Central
Doncaster North
Dorset Mid and Poole North
Dorset North
Dorset South
Dorset West
Dover
Down North
Down South
Dudley North
Dudley South
Dulwich and West Norwood
Dumfries and Galloway
Dumfriesshire, Clydesdale and Tweeddale
Dunbartonshire East
Dunbartonshire West
Dundee East
Dundee West
Dunfermline and Fife West
Durham, City of
Durham North
Durham North West
Dwyfor Meirionnydd
Ealing Central and Acton
Ealing North
Ealing Southall
Easington
East Ham
East Kilbride, Strathaven and Lesmahagow
East Lothian
Eastbourne
Eastleigh
Eddisbury
Edinburgh East
Edinburgh North and Leith
Edinburgh South
Edinburgh South West
Edinburgh West
Edmonton
Ellesmere Port and Neston
Elmet and Rothwell
Eltham
Enfield North
Enfield Southgate
Epping Forest
Epsom and Ewell
Erewash
Erith and Thamesmead
Esher and Walton
Exeter
Falkirk
Fareham
Faversham and Kent Mid
Feltham and Heston
Fermanagh and South Tyrone
Fife North East
Filton and Bradley Stoke
Finchley and Golders Green
Folkestone and Hythe
Forest of Dean
Foyle
Fylde
Gainsborough
Garston and Halewood
Gateshead
Gedling
Gillingham and Rainham
Glasgow Central
Glasgow East
Glasgow North
Glasgow North East
Glasgow North West
Glasgow South
Glasgow South West
Glenrothes
Gloucester
Gordon
Gosport
Gower
Grantham and Stamford
Gravesham
Great Grimsby
Great Yarmouth
Greenwich and Woolwich
Guildford
Hackney North and Stoke Newington
Hackney South and Shoreditch
Halesowen and Rowley Regis
Halifax
Haltemprice and Howden
Halton
Hammersmith
Hampshire East
Hampshire North East
Hampshire North West
Hampstead and Kilburn
Harborough
Harlow
Harrogate and Knaresborough
Harrow East
Harrow West
Hartlepool
Harwich and Essex North
Hastings and Rye
Havant
Hayes and Harlington
Hazel Grove
Hemel Hempstead
Hemsworth
Hendon
Henley
Hereford and Herefordshire South
Herefordshire North
Hertford and Stortford
Hertfordshire North East
Hertfordshire South West
Hertsmere
Hexham
Heywood and Middleton
High Peak
Hitchin and Harpenden
Holborn and St Pancras
Hornchurch and Upminster
Hornsey and Wood Green
Horsham
Houghton and Sunderland South
Hove
Huddersfield
Hull East
Hull North
Hull West and Hessle
Huntingdon
Hyndburn
Ilford North
Ilford South
Inverclyde
Inverness, Nairn, Badenoch and Strathspey
Ipswich
Isle of Wight
Islington North
Islington South and Finsbury
Islwyn
Jarrow
Keighley
Kenilworth and Southam
Kensington
Kettering
Kilmarnock and Loudoun
Kingston and Surbiton
Kingswood
Kirkcaldy and Cowdenbeath
Knowsley
Lagan Valley
Lanark and Hamilton East
Lancashire West
Lancaster and Fleetwood
Leeds Central
Leeds East
Leeds North East
Leeds North West
Leeds West
Leicester East
Leicester South
Leicester West
Leicestershire North West
Leicestershire South
Leigh
Lewes
Lewisham Deptford
Lewisham East
Lewisham West and Penge
Leyton and Wanstead
Lichfield
Lincoln
Linlithgow and Falkirk East
Liverpool Riverside
Liverpool Walton
Liverpool Wavertree
Liverpool West Derby
Livingston
Llanelli
Londonderry East
Loughborough
Louth and Horncastle
Ludlow
Luton North
Luton South
Macclesfield
Maidenhead
Maidstone and The Weald
Makerfield
Maldon
Manchester Central
Manchester Gorton
Manchester Withington
Mansfield
Meon Valley
Meriden
Merthyr Tydfil and Rhymney
Middlesbrough
Middlesbrough South and Cleveland East
Midlothian
Milton Keynes North
Milton Keynes South
Mitcham and Morden
Mole Valley
Monmouth
Montgomeryshire
Moray
Morecambe and Lunesdale
Morley and Outwood
Motherwell and Wishaw
Na h-Eileanan an Iar (Western Isles)
Neath
New Forest East
New Forest West
Newark
Newbury
Newcastle-under-Lyme
Newcastle upon Tyne Central
Newcastle upon Tyne East
Newcastle upon Tyne North
Newport East
Newport West
Newry and Armagh
Newton Abbot
Norfolk Mid
Norfolk North
Norfolk North West
Norfolk South
Norfolk South West
Normanton, Pontefract and Castleford
Northampton North
Northampton South
Northamptonshire South 
Norwich North
Norwich South
Nottingham East
Nottingham North
Nottingham South
Nuneaton
Ochil and South Perthshire
Ogmore
Old Bexley and Sidcup
Oldham East and Saddleworth
Oldham West and Royton
Orkney and Shetland
Orpington
Oxford East
Oxford West and Abingdon
Paisley and Renfrewshire North
Paisley and Renfrewshire South
Pendle
Penistone and Stocksbridge
Penrith and The Border
Perth and North Perthshire
Peterborough
Plymouth Moor View
Plymouth Sutton and Devonport
Pontypridd
Poole
Poplar and Limehouse
Portsmouth North
Portsmouth South
Preseli Pembrokeshire
Preston
Pudsey
Putney
Rayleigh and Wickford
Reading East
Reading West
Redcar
Redditch
Reigate
Renfrewshire East
Rhondda
Ribble Valley
Richmond
Richmond Park
Rochdale
Rochester and Strood
Rochford and Southend East
Romford
Romsey and Southampton North
Ross, Skye and Lochaber
Rossendale and Darwen
Rother Valley
Rotherham
Rugby
Ruislip, Northwood and Pinner
Runnymede and Weybridge
Rushcliffe
Rutherglen and Hamilton West
Rutland and Melton
Saffron Walden
St Albans
St Austell and Newquay
St Helens North
St Helens South and Whiston
St Ives
Salford and Eccles
Salisbury
Scarborough and Whitby
Scunthorpe
Sedgefield
Sefton Central
Selby and Ainsty
Sevenoaks
Sheffield Brightside and Hillsborough
Sheffield Central
Sheffield Hallam
Sheffield Heeley
Sheffield South East
Sherwood
Shipley
Shrewsbury and Atcham
Shropshire North
Sittingbourne and Sheppey
Skipton and Ripon
Sleaford and North Hykeham
Slough
Solihull
Somerset North
Somerset North East
Somerton and Frome
South Holland and The Deepings
South Ribble
South Shields
Southampton Itchen
Southampton Test
Southend West
Southport
Spelthorne
Stafford
Staffordshire Moorlands
Staffordshire South
Stalybridge and Hyde
Stevenage
Stirling
Stockport
Stockton North
Stockton South
Stoke-on-Trent Central
Stoke-on-Trent North
Stoke-on-Trent South
Stone
Stourbridge
Strangford
Stratford-on-Avon
Streatham
Stretford and Urmston
Stroud
Suffolk Central and Ipswich North
Suffolk Coastal
Suffolk South
Suffolk West
Sunderland Central
Surrey East
Surrey Heath
Surrey South West
Sussex Mid
Sutton and Cheam
Sutton Coldfield
Swansea East
Swansea West
Swindon North
Swindon South
Tamworth
Tatton
Taunton Deane
Telford
Tewkesbury
Thanet North
Thanet South
Thirsk and Malton
Thornbury and Yate
Thurrock
Tiverton and Honiton
Tonbridge and Malling
Tooting
Torbay
Torfaen
Totnes
Tottenham
Truro and Falmouth
Tunbridge Wells
Twickenham
Tynemouth
Tyneside North
Tyrone West
Ulster Mid
Upper Bann
Uxbridge and Ruislip South
Vale of Clwyd
Vale of Glamorgan
Vauxhall
Wakefield
Wallasey
Walsall North
Walsall South
Walthamstow
Wansbeck
Wantage
Warley
Warrington North
Warrington South
Warwick and Leamington
Warwickshire North
Washington and Sunderland West
Watford
Waveney
Wealden
Weaver Vale
Wellingborough
Wells
Welwyn Hatfield
Wentworth and Dearne
West Bromwich East
West Bromwich West
West Ham
Westminster North
Westmorland and Lonsdale
Weston-Super-Mare
Wigan
Wiltshire North
Wiltshire South West
Wimbledon
Winchester
Windsor
Wirral South
Wirral West
Witham
Witney
Woking
Wokingham
Wolverhampton North East
Wolverhampton South East
Wolverhampton South West
Worcester
Worcestershire Mid
Worcestershire West
Workington
Worsley and Eccles South
Worthing East and Shoreham
Worthing West
Wrekin, The
Wrexham
Wycombe
Wyre and Preston North
Wyre Forest
Wythenshawe and Sale East
Yeovil
Ynys Mon
York Central
York Outer
Yorkshire East
